Using pre-set license
Built from '2020.3/staging' branch; Version is '2020.3.5f1 (8095aa901b9b) revision 8426922'; Using compiler version '192528614'; Build Type 'Release'
OS: 'Windows 10 Home; OS build 19043.1586; Version 2009; 64bit' Language: 'da' Physical Memory: 7986 MB
BatchMode: 1, IsHumanControllingUs: 0, StartBugReporterOnCrash: 0, Is64bit: 1, IsPro: 0

 COMMAND LINE ARGUMENTS:
C:\Program Files\Unity\Hub\Editor\2020.3.5f1\Editor\Unity.exe
-adb2
-batchMode
-noUpm
-name
AssetImportWorker1
-projectPath
C:/Users/Crims/Documents/GitHub/Subsyst_Simulator
-logFile
Logs/AssetImportWorker1.log
-srvPort
52239
Successfully changed project path to: C:/Users/Crims/Documents/GitHub/Subsyst_Simulator
C:/Users/Crims/Documents/GitHub/Subsyst_Simulator
Using Asset Import Pipeline V2.
Refreshing native plugins compatible for Editor in 109.78 ms, found 0 plugins.
Preloading 0 native plugins for Editor in 0.00 ms.
Initialize engine version: 2020.3.5f1 (8095aa901b9b)
[Subsystems] Discovering subsystems at path C:/Program Files/Unity/Hub/Editor/2020.3.5f1/Editor/Data/Resources/UnitySubsystems
[Subsystems] Discovering subsystems at path C:/Users/Crims/Documents/GitHub/Subsyst_Simulator/Assets
GfxDevice: creating device client; threaded=0
Direct3D:
    Version:  Direct3D 11.0 [level 11.0]
    Renderer: NVIDIA GeForce GTX 950M (ID=0x139a)
    Vendor:   
    VRAM:     4055 MB
    Driver:   30.0.15.1215
Shader 'Universal Render Pipeline/Particles/Lit': fallback shader 'Universal Render Pipeline/Particles/SimpleLit' not found
Initialize mono
Mono path[0] = 'C:/Program Files/Unity/Hub/Editor/2020.3.5f1/Editor/Data/Managed'
Mono path[1] = 'C:/Program Files/Unity/Hub/Editor/2020.3.5f1/Editor/Data/MonoBleedingEdge/lib/mono/unityjit'
Mono config path = 'C:/Program Files/Unity/Hub/Editor/2020.3.5f1/Editor/Data/MonoBleedingEdge/etc'
Using monoOptions --debugger-agent=transport=dt_socket,embedding=1,server=y,suspend=n,address=127.0.0.1:56108
Begin MonoManager ReloadAssembly
Registering precompiled unity dll's ...
Register platform support module: C:/Program Files/Unity/Hub/Editor/2020.3.5f1/Editor/Data/PlaybackEngines/WebGLSupport/UnityEditor.WebGL.Extensions.dll
Register platform support module: C:/Program Files/Unity/Hub/Editor/2020.3.5f1/Editor/Data/PlaybackEngines/WindowsStandaloneSupport/UnityEditor.WindowsStandalone.Extensions.dll
Registered in 0.004430 seconds.
Native extension for WindowsStandalone target not found
Native extension for WebGL target not found
Refreshing native plugins compatible for Editor in 109.65 ms, found 0 plugins.
Preloading 0 native plugins for Editor in 0.00 ms.
Mono: successfully reloaded assembly
- Completed reload, in  2.916 seconds
Platform modules already initialized, skipping
Registering precompiled user dll's ...
Registered in 0.014803 seconds.
Begin MonoManager ReloadAssembly
Native extension for WindowsStandalone target not found
Native extension for WebGL target not found
Refreshing native plugins compatible for Editor in 223.61 ms, found 0 plugins.
Preloading 0 native plugins for Editor in 0.00 ms.
Mono: successfully reloaded assembly
- Completed reload, in  2.601 seconds
Platform modules already initialized, skipping
========================================================================
Worker process is ready to serve import requests
Shader 'Universal Render Pipeline/Particles/Lit': fallback shader 'Universal Render Pipeline/Particles/SimpleLit' not found
Launched and connected shader compiler UnityShaderCompiler.exe after 0.10 seconds
Refreshing native plugins compatible for Editor in 0.89 ms, found 0 plugins.
Preloading 0 native plugins for Editor in 0.00 ms.
Unloading 2858 Unused Serialized files (Serialized files now loaded: 0)
System memory in use before: 157.6 MB.
System memory in use after: 157.7 MB.

Unloading 30 unused Assets to reduce memory usage. Loaded Objects now: 3366.
Total: 31.705700 ms (FindLiveObjects: 0.544900 ms CreateObjectMapping: 0.275900 ms MarkObjects: 30.692900 ms  DeleteObjects: 0.189000 ms)

========================================================================
Received Import Request.
  path: Assets/ScriptableObjects/Bot Behaviours/Economy AI.asset
  artifactKey: Guid(c16e681fba8b0ba41b5c1f8ffab9652c) Importer(815301076,1909f56bfc062723c751e8b465ee728b)
Start importing Assets/ScriptableObjects/Bot Behaviours/Economy AI.asset using Guid(c16e681fba8b0ba41b5c1f8ffab9652c) Importer(815301076,1909f56bfc062723c751e8b465ee728b)  -> (artifact id: 'fafb8298b7a8dd1f4e06770f272ea16b') in 0.111699 seconds
  Import took 0.121900 seconds .

========================================================================
Received Import Request.
  Time since last request: 59.279146 seconds.
  path: Assets/ScriptableObjects/Bot Behaviours/Agriculture AI.asset
  artifactKey: Guid(ca9a11f5d2f8e1041b1bcff00360c28b) Importer(815301076,1909f56bfc062723c751e8b465ee728b)
Start importing Assets/ScriptableObjects/Bot Behaviours/Agriculture AI.asset using Guid(ca9a11f5d2f8e1041b1bcff00360c28b) Importer(815301076,1909f56bfc062723c751e8b465ee728b)  -> (artifact id: '90da6fd1f5c45e5741c7809c575f80b6') in 0.053878 seconds
  Import took 0.065662 seconds .

========================================================================
Received Import Request.
  Time since last request: 21.587418 seconds.
  path: Assets/ScriptableObjects/Food/Algae/Algae Production (Industrial).asset
  artifactKey: Guid(ba54b8a4aeb57484a87b622671da571d) Importer(815301076,1909f56bfc062723c751e8b465ee728b)
Start importing Assets/ScriptableObjects/Food/Algae/Algae Production (Industrial).asset using Guid(ba54b8a4aeb57484a87b622671da571d) Importer(815301076,1909f56bfc062723c751e8b465ee728b)  -> (artifact id: 'ad60dc7bcb4eb9b88c4944f0ec6ee53d') in 0.015271 seconds
  Import took 0.025889 seconds .

========================================================================
Received Import Request.
  Time since last request: 0.000826 seconds.
  path: Assets/ScriptableObjects/Food/Algae/Algae Production (Industrial).asset
  artifactKey: Guid(ba54b8a4aeb57484a87b622671da571d) Importer(815301076,1909f56bfc062723c751e8b465ee728b)
Start importing Assets/ScriptableObjects/Food/Algae/Algae Production (Industrial).asset using Guid(ba54b8a4aeb57484a87b622671da571d) Importer(815301076,1909f56bfc062723c751e8b465ee728b)  -> (artifact id: 'ad60dc7bcb4eb9b88c4944f0ec6ee53d') in 0.008001 seconds
  Import took 0.016052 seconds .

========================================================================
Received Import Request.
  Time since last request: 5.170216 seconds.
  path: Assets/ScriptableObjects/Food/Algae/Algae Circular production (Industrial).asset
  artifactKey: Guid(11ed37f9c0c1eea499343febb66e2016) Importer(815301076,1909f56bfc062723c751e8b465ee728b)
Start importing Assets/ScriptableObjects/Food/Algae/Algae Circular production (Industrial).asset using Guid(11ed37f9c0c1eea499343febb66e2016) Importer(815301076,1909f56bfc062723c751e8b465ee728b)  -> (artifact id: '1c31d889b41fd443fb0fb89cdaa254c3') in 0.014156 seconds
  Import took 0.023840 seconds .

========================================================================
Received Import Request.
  Time since last request: 7.599728 seconds.
  path: Assets/2d Graphics/Paper images/Algae Trigger.jpg
  artifactKey: Guid(d052fc705eee9734a89c2d3b6cd0fc92) Importer(815301076,1909f56bfc062723c751e8b465ee728b)
Start importing Assets/2d Graphics/Paper images/Algae Trigger.jpg using Guid(d052fc705eee9734a89c2d3b6cd0fc92) Importer(815301076,1909f56bfc062723c751e8b465ee728b)  -> (artifact id: '950439b4e57082c5affbb78f925ac54e') in 0.230845 seconds
  Import took 0.239281 seconds .

========================================================================
Received Import Request.
  Time since last request: 11.978005 seconds.
  path: Assets/ScriptableObjects/Food/Algae/Cataclysm Algae Production (Industrial).asset
  artifactKey: Guid(61643c61742555c4cbe3342133f7f371) Importer(815301076,1909f56bfc062723c751e8b465ee728b)
Start importing Assets/ScriptableObjects/Food/Algae/Cataclysm Algae Production (Industrial).asset using Guid(61643c61742555c4cbe3342133f7f371) Importer(815301076,1909f56bfc062723c751e8b465ee728b)  -> (artifact id: 'b27138f2b65d263a0341b7581a8fb423') in 0.012952 seconds
  Import took 0.021308 seconds .

========================================================================
Received Import Request.
  Time since last request: 0.002214 seconds.
  path: Assets/ScriptableObjects/Food/Algae/Cataclysm Algae Production (Industrial).asset
  artifactKey: Guid(61643c61742555c4cbe3342133f7f371) Importer(815301076,1909f56bfc062723c751e8b465ee728b)
Start importing Assets/ScriptableObjects/Food/Algae/Cataclysm Algae Production (Industrial).asset using Guid(61643c61742555c4cbe3342133f7f371) Importer(815301076,1909f56bfc062723c751e8b465ee728b)  -> (artifact id: 'b27138f2b65d263a0341b7581a8fb423') in 0.007457 seconds
  Import took 0.016584 seconds .

========================================================================
Received Import Request.
  Time since last request: 62.151888 seconds.
  path: Assets/2d Graphics/Paper images/Waste Trigger.jpg
  artifactKey: Guid(e9272dc72c929f1498ce0ab399075295) Importer(815301076,1909f56bfc062723c751e8b465ee728b)
Start importing Assets/2d Graphics/Paper images/Waste Trigger.jpg using Guid(e9272dc72c929f1498ce0ab399075295) Importer(815301076,1909f56bfc062723c751e8b465ee728b)  -> (artifact id: '1037b72d1c5d150150adf799bc7a804d') in 0.044479 seconds
  Import took 0.053272 seconds .

========================================================================
Received Import Request.
  Time since last request: 0.802755 seconds.
  path: Assets/ScriptableObjects/Food/Insects/Insects Circular production (Industrial).asset
  artifactKey: Guid(51d6b9d9bb30c9f4ca78bebc01f2d4ab) Importer(815301076,1909f56bfc062723c751e8b465ee728b)
Start importing Assets/ScriptableObjects/Food/Insects/Insects Circular production (Industrial).asset using Guid(51d6b9d9bb30c9f4ca78bebc01f2d4ab) Importer(815301076,1909f56bfc062723c751e8b465ee728b)  -> (artifact id: 'c9925ab2c371d26d77b053d1b3b46593') in 0.013107 seconds
  Import took 0.022701 seconds .

========================================================================
Received Import Request.
  Time since last request: 0.002290 seconds.
  path: Assets/ScriptableObjects/Food/Insects/Insects Circular production (Industrial).asset
  artifactKey: Guid(51d6b9d9bb30c9f4ca78bebc01f2d4ab) Importer(815301076,1909f56bfc062723c751e8b465ee728b)
Start importing Assets/ScriptableObjects/Food/Insects/Insects Circular production (Industrial).asset using Guid(51d6b9d9bb30c9f4ca78bebc01f2d4ab) Importer(815301076,1909f56bfc062723c751e8b465ee728b)  -> (artifact id: 'c9925ab2c371d26d77b053d1b3b46593') in 0.008316 seconds
  Import took 0.017488 seconds .

========================================================================
Received Import Request.
  Time since last request: 90.786563 seconds.
  path: Assets/ScriptableObjects/Food/Algae/Cataclysm Algae Production (Industrial).asset
  artifactKey: Guid(61643c61742555c4cbe3342133f7f371) Importer(815301076,1909f56bfc062723c751e8b465ee728b)
Start importing Assets/ScriptableObjects/Food/Algae/Cataclysm Algae Production (Industrial).asset using Guid(61643c61742555c4cbe3342133f7f371) Importer(815301076,1909f56bfc062723c751e8b465ee728b)  -> (artifact id: 'faddf99cba6a3a99fd5c00624fe734fd') in 0.013482 seconds
  Import took 0.027976 seconds .

========================================================================
Received Prepare
Shader 'Universal Render Pipeline/Particles/Lit': fallback shader 'Universal Render Pipeline/Particles/SimpleLit' not found
Refreshing native plugins compatible for Editor in 10.19 ms, found 0 plugins.
Preloading 0 native plugins for Editor in 0.00 ms.
Unloading 18 Unused Serialized files (Serialized files now loaded: 0)
System memory in use before: 96.9 MB.
System memory in use after: 97.1 MB.

Unloading 18 unused Assets to reduce memory usage. Loaded Objects now: 3374.
Total: 25.484900 ms (FindLiveObjects: 0.428600 ms CreateObjectMapping: 0.240300 ms MarkObjects: 24.721700 ms  DeleteObjects: 0.092600 ms)

========================================================================
Received Import Request.
  Time since last request: 58.491091 seconds.
  path: Assets/ScriptableObjects/Food/Algae/Algae Circular production (Small Scale).asset
  artifactKey: Guid(3578ab3644fec6148a2752115fa479fb) Importer(815301076,1909f56bfc062723c751e8b465ee728b)
Start importing Assets/ScriptableObjects/Food/Algae/Algae Circular production (Small Scale).asset using Guid(3578ab3644fec6148a2752115fa479fb) Importer(815301076,1909f56bfc062723c751e8b465ee728b)  -> (artifact id: 'c809a9223c0a6d2d170c268c4acd7ea6') in 0.035931 seconds
  Import took 0.047343 seconds .

========================================================================
Received Import Request.
  Time since last request: 17.217488 seconds.
  path: Assets/ScriptableObjects/Food/Insects/Insects Circular production (Small Scale).asset
  artifactKey: Guid(5f2d7e0789df5fc4792721fc5d3e6854) Importer(815301076,1909f56bfc062723c751e8b465ee728b)
Start importing Assets/ScriptableObjects/Food/Insects/Insects Circular production (Small Scale).asset using Guid(5f2d7e0789df5fc4792721fc5d3e6854) Importer(815301076,1909f56bfc062723c751e8b465ee728b)  -> (artifact id: '0b70d88b14dc1c8d553f8723e39ac8c6') in 0.015904 seconds
  Import took 0.025764 seconds .

========================================================================
Received Import Request.
  Time since last request: 19.060935 seconds.
  path: Assets/Prefabs/UI/Production Button (Small Scale).prefab
  artifactKey: Guid(1833c9447b329e744ac388e90f2bdb74) Importer(815301076,1909f56bfc062723c751e8b465ee728b)
Start importing Assets/Prefabs/UI/Production Button (Small Scale).prefab using Guid(1833c9447b329e744ac388e90f2bdb74) Importer(815301076,1909f56bfc062723c751e8b465ee728b)  -> (artifact id: 'c9e4d5a8a82a18c35fe85fa008322464') in 0.104623 seconds
  Import took 0.112348 seconds .

========================================================================
Received Prepare
Shader 'Universal Render Pipeline/Particles/Lit': fallback shader 'Universal Render Pipeline/Particles/SimpleLit' not found
Refreshing native plugins compatible for Editor in 6.88 ms, found 0 plugins.
Preloading 0 native plugins for Editor in 0.00 ms.
Unloading 18 Unused Serialized files (Serialized files now loaded: 0)
System memory in use before: 98.0 MB.
System memory in use after: 98.2 MB.

Unloading 18 unused Assets to reduce memory usage. Loaded Objects now: 3374.
Total: 30.873900 ms (FindLiveObjects: 0.861100 ms CreateObjectMapping: 0.211200 ms MarkObjects: 29.688300 ms  DeleteObjects: 0.110900 ms)

========================================================================
Received Prepare
Registering precompiled user dll's ...
Registered in 0.029733 seconds.
Begin MonoManager ReloadAssembly
Native extension for WindowsStandalone target not found
Native extension for WebGL target not found
Refreshing native plugins compatible for Editor in 1.08 ms, found 0 plugins.
Preloading 0 native plugins for Editor in 0.00 ms.
Mono: successfully reloaded assembly
- Completed reload, in  2.018 seconds
Platform modules already initialized, skipping
Shader 'Universal Render Pipeline/Particles/Lit': fallback shader 'Universal Render Pipeline/Particles/SimpleLit' not found
Refreshing native plugins compatible for Editor in 0.99 ms, found 0 plugins.
Preloading 0 native plugins for Editor in 0.00 ms.
Unloading 2713 Unused Serialized files (Serialized files now loaded: 0)
System memory in use before: 166.5 MB.
System memory in use after: 166.7 MB.

Unloading 21 unused Assets to reduce memory usage. Loaded Objects now: 3376.
Total: 32.120200 ms (FindLiveObjects: 0.502300 ms CreateObjectMapping: 0.230700 ms MarkObjects: 31.272700 ms  DeleteObjects: 0.112600 ms)

========================================================================
Received Prepare
Registering precompiled user dll's ...
Registered in 0.012629 seconds.
Begin MonoManager ReloadAssembly
Native extension for WindowsStandalone target not found
Native extension for WebGL target not found
Refreshing native plugins compatible for Editor in 0.96 ms, found 0 plugins.
Preloading 0 native plugins for Editor in 0.00 ms.
Mono: successfully reloaded assembly
- Completed reload, in  2.108 seconds
Platform modules already initialized, skipping
Shader 'Universal Render Pipeline/Particles/Lit': fallback shader 'Universal Render Pipeline/Particles/SimpleLit' not found
Refreshing native plugins compatible for Editor in 1.09 ms, found 0 plugins.
Preloading 0 native plugins for Editor in 0.00 ms.
Unloading 2713 Unused Serialized files (Serialized files now loaded: 0)
System memory in use before: 166.5 MB.
System memory in use after: 166.7 MB.

Unloading 21 unused Assets to reduce memory usage. Loaded Objects now: 3378.
Total: 27.469700 ms (FindLiveObjects: 0.533100 ms CreateObjectMapping: 0.208700 ms MarkObjects: 26.625700 ms  DeleteObjects: 0.100600 ms)

========================================================================
Received Prepare
Shader 'Universal Render Pipeline/Particles/Lit': fallback shader 'Universal Render Pipeline/Particles/SimpleLit' not found
Refreshing native plugins compatible for Editor in 6.54 ms, found 0 plugins.
Preloading 0 native plugins for Editor in 0.00 ms.
Unloading 18 Unused Serialized files (Serialized files now loaded: 0)
System memory in use before: 97.0 MB.
System memory in use after: 97.2 MB.

Unloading 18 unused Assets to reduce memory usage. Loaded Objects now: 3378.
Total: 24.779000 ms (FindLiveObjects: 0.516600 ms CreateObjectMapping: 0.244100 ms MarkObjects: 23.919700 ms  DeleteObjects: 0.095900 ms)

========================================================================
Received Prepare
Registering precompiled user dll's ...
Registered in 0.014278 seconds.
Begin MonoManager ReloadAssembly
Native extension for WindowsStandalone target not found
Native extension for WebGL target not found
Refreshing native plugins compatible for Editor in 0.91 ms, found 0 plugins.
Preloading 0 native plugins for Editor in 0.00 ms.
Mono: successfully reloaded assembly
- Completed reload, in  2.285 seconds
Platform modules already initialized, skipping
Shader 'Universal Render Pipeline/Particles/Lit': fallback shader 'Universal Render Pipeline/Particles/SimpleLit' not found
Refreshing native plugins compatible for Editor in 0.84 ms, found 0 plugins.
Preloading 0 native plugins for Editor in 0.00 ms.
Unloading 2713 Unused Serialized files (Serialized files now loaded: 0)
System memory in use before: 166.6 MB.
System memory in use after: 166.7 MB.

Unloading 21 unused Assets to reduce memory usage. Loaded Objects now: 3380.
Total: 27.511100 ms (FindLiveObjects: 0.768300 ms CreateObjectMapping: 0.417700 ms MarkObjects: 26.227000 ms  DeleteObjects: 0.096500 ms)

========================================================================
Received Prepare
Registering precompiled user dll's ...
Registered in 0.016432 seconds.
Begin MonoManager ReloadAssembly
Native extension for WindowsStandalone target not found
Native extension for WebGL target not found
Refreshing native plugins compatible for Editor in 0.86 ms, found 0 plugins.
Preloading 0 native plugins for Editor in 0.00 ms.
Mono: successfully reloaded assembly
- Completed reload, in  2.205 seconds
Platform modules already initialized, skipping
Shader 'Universal Render Pipeline/Particles/Lit': fallback shader 'Universal Render Pipeline/Particles/SimpleLit' not found
Refreshing native plugins compatible for Editor in 2.63 ms, found 0 plugins.
Preloading 0 native plugins for Editor in 0.00 ms.
Unloading 2713 Unused Serialized files (Serialized files now loaded: 0)
System memory in use before: 166.6 MB.
System memory in use after: 166.8 MB.

Unloading 21 unused Assets to reduce memory usage. Loaded Objects now: 3382.
Total: 66.215800 ms (FindLiveObjects: 0.653000 ms CreateObjectMapping: 0.345500 ms MarkObjects: 65.105200 ms  DeleteObjects: 0.110200 ms)

========================================================================
Received Prepare
Shader 'Universal Render Pipeline/Particles/Lit': fallback shader 'Universal Render Pipeline/Particles/SimpleLit' not found
Refreshing native plugins compatible for Editor in 6.67 ms, found 0 plugins.
Preloading 0 native plugins for Editor in 0.00 ms.
Unloading 18 Unused Serialized files (Serialized files now loaded: 0)
System memory in use before: 97.1 MB.
System memory in use after: 97.2 MB.

Unloading 18 unused Assets to reduce memory usage. Loaded Objects now: 3382.
Total: 25.684400 ms (FindLiveObjects: 0.486200 ms CreateObjectMapping: 0.216400 ms MarkObjects: 24.803300 ms  DeleteObjects: 0.176500 ms)

AssetImportWorkerClient::OnTransportError - code=2 error=End of file
