Using pre-set license
Built from '2020.3/staging' branch; Version is '2020.3.5f1 (8095aa901b9b) revision 8426922'; Using compiler version '192528614'; Build Type 'Release'
OS: 'Windows 10 Home; OS build 19042.1348; Version 2009; 64bit' Language: 'da' Physical Memory: 16334 MB
BatchMode: 1, IsHumanControllingUs: 0, StartBugReporterOnCrash: 0, Is64bit: 1, IsPro: 0

 COMMAND LINE ARGUMENTS:
C:\Program Files\Unity\Hub\Editor\2020.3.5f1\Editor\Unity.exe
-adb2
-batchMode
-noUpm
-name
AssetImportWorker0
-projectPath
C:/Users/Michael/Documents/GitHub/Subsyst_Simulator
-logFile
Logs/AssetImportWorker0.log
-srvPort
53971
Successfully changed project path to: C:/Users/Michael/Documents/GitHub/Subsyst_Simulator
C:/Users/Michael/Documents/GitHub/Subsyst_Simulator
Using Asset Import Pipeline V2.
Refreshing native plugins compatible for Editor in 59.63 ms, found 0 plugins.
Preloading 0 native plugins for Editor in 0.00 ms.
Initialize engine version: 2020.3.5f1 (8095aa901b9b)
[Subsystems] Discovering subsystems at path C:/Program Files/Unity/Hub/Editor/2020.3.5f1/Editor/Data/Resources/UnitySubsystems
[Subsystems] Discovering subsystems at path C:/Users/Michael/Documents/GitHub/Subsyst_Simulator/Assets
GfxDevice: creating device client; threaded=0
Direct3D:
    Version:  Direct3D 11.0 [level 11.1]
    Renderer: NVIDIA GeForce GTX 1050 Ti (ID=0x1c82)
    Vendor:   
    VRAM:     4018 MB
    Driver:   27.21.14.5671
Shader 'Universal Render Pipeline/Particles/Lit': fallback shader 'Universal Render Pipeline/Particles/SimpleLit' not found
Initialize mono
Mono path[0] = 'C:/Program Files/Unity/Hub/Editor/2020.3.5f1/Editor/Data/Managed'
Mono path[1] = 'C:/Program Files/Unity/Hub/Editor/2020.3.5f1/Editor/Data/MonoBleedingEdge/lib/mono/unityjit'
Mono config path = 'C:/Program Files/Unity/Hub/Editor/2020.3.5f1/Editor/Data/MonoBleedingEdge/etc'
Using monoOptions --debugger-agent=transport=dt_socket,embedding=1,server=y,suspend=n,address=127.0.0.1:56096
Begin MonoManager ReloadAssembly
Registering precompiled unity dll's ...
Register platform support module: C:/Program Files/Unity/Hub/Editor/2020.3.5f1/Editor/Data/PlaybackEngines/WebGLSupport/UnityEditor.WebGL.Extensions.dll
Register platform support module: C:/Program Files/Unity/Hub/Editor/2020.3.5f1/Editor/Data/PlaybackEngines/WindowsStandaloneSupport/UnityEditor.WindowsStandalone.Extensions.dll
Registered in 0.002832 seconds.
Native extension for WindowsStandalone target not found
Native extension for WebGL target not found
Refreshing native plugins compatible for Editor in 60.65 ms, found 0 plugins.
Preloading 0 native plugins for Editor in 0.00 ms.
Mono: successfully reloaded assembly
- Completed reload, in  3.951 seconds
Platform modules already initialized, skipping
Registering precompiled user dll's ...
Registered in 0.009240 seconds.
Begin MonoManager ReloadAssembly
Native extension for WindowsStandalone target not found
Native extension for WebGL target not found
Refreshing native plugins compatible for Editor in 61.65 ms, found 0 plugins.
Preloading 0 native plugins for Editor in 0.00 ms.
Mono: successfully reloaded assembly
- Completed reload, in  1.212 seconds
Platform modules already initialized, skipping
========================================================================
Worker process is ready to serve import requests
Shader 'Universal Render Pipeline/Particles/Lit': fallback shader 'Universal Render Pipeline/Particles/SimpleLit' not found
Launched and connected shader compiler UnityShaderCompiler.exe after 0.08 seconds
Refreshing native plugins compatible for Editor in 0.62 ms, found 0 plugins.
Preloading 0 native plugins for Editor in 0.00 ms.
Unloading 2776 Unused Serialized files (Serialized files now loaded: 0)
System memory in use before: 162.6 MB.
System memory in use after: 162.7 MB.

Unloading 30 unused Assets to reduce memory usage. Loaded Objects now: 3288.
Total: 18.275500 ms (FindLiveObjects: 0.256900 ms CreateObjectMapping: 0.069900 ms MarkObjects: 17.824000 ms  DeleteObjects: 0.123200 ms)

========================================================================
Received Import Request.
  path: Assets/Prefabs/Line stuff/Line Object Variant.prefab
  artifactKey: Guid(d0f3c1577bd7adc458e45b9c4043768e) Importer(815301076,1909f56bfc062723c751e8b465ee728b)
Start importing Assets/Prefabs/Line stuff/Line Object Variant.prefab using Guid(d0f3c1577bd7adc458e45b9c4043768e) Importer(815301076,1909f56bfc062723c751e8b465ee728b)  -> (artifact id: '133f98644980c4ee144ababdf495a2db') in 0.221720 seconds
  Import took 0.228969 seconds .

========================================================================
Received Import Request.
  Time since last request: 7.207767 seconds.
  path: Assets/Prefabs/Line stuff/Line Object Money Variant.prefab
  artifactKey: Guid(d0f3c1577bd7adc458e45b9c4043768e) Importer(815301076,1909f56bfc062723c751e8b465ee728b)
Start importing Assets/Prefabs/Line stuff/Line Object Money Variant.prefab using Guid(d0f3c1577bd7adc458e45b9c4043768e) Importer(815301076,1909f56bfc062723c751e8b465ee728b)  -> (artifact id: 'de89764e013ed3e15b57c49e554787de') in 0.008530 seconds
  Import took 0.014340 seconds .

========================================================================
Received Import Request.
  Time since last request: 0.760531 seconds.
  path: Assets/Prefabs/Line stuff/Line Object Money Variant 1.prefab
  artifactKey: Guid(177d323a639b83f4a8755042a5bf710d) Importer(815301076,1909f56bfc062723c751e8b465ee728b)
Start importing Assets/Prefabs/Line stuff/Line Object Money Variant 1.prefab using Guid(177d323a639b83f4a8755042a5bf710d) Importer(815301076,1909f56bfc062723c751e8b465ee728b)  -> (artifact id: '0951402ec2348a2e08a4ed2c2e692fa5') in 0.008062 seconds
  Import took 0.014326 seconds .

========================================================================
Received Import Request.
  Time since last request: 6.779358 seconds.
  path: Assets/Prefabs/Line stuff/Line Object Food Variant.prefab
  artifactKey: Guid(177d323a639b83f4a8755042a5bf710d) Importer(815301076,1909f56bfc062723c751e8b465ee728b)
Start importing Assets/Prefabs/Line stuff/Line Object Food Variant.prefab using Guid(177d323a639b83f4a8755042a5bf710d) Importer(815301076,1909f56bfc062723c751e8b465ee728b)  -> (artifact id: '44c9a609748202c14eba397bb3c19a28') in 0.008982 seconds
  Import took 0.015336 seconds .

========================================================================
Received Import Request.
  Time since last request: 0.407450 seconds.
  path: Assets/Prefabs/Line stuff/Line Object Food Variant 1.prefab
  artifactKey: Guid(9b6f9052b8f425e478b57ce0967c7d4a) Importer(815301076,1909f56bfc062723c751e8b465ee728b)
Start importing Assets/Prefabs/Line stuff/Line Object Food Variant 1.prefab using Guid(9b6f9052b8f425e478b57ce0967c7d4a) Importer(815301076,1909f56bfc062723c751e8b465ee728b)  -> (artifact id: 'f64a422a1959bab1a5b0e1e372e49a83') in 0.033688 seconds
  Import took 0.040965 seconds .

========================================================================
Received Import Request.
  Time since last request: 0.002381 seconds.
  path: Assets/Prefabs/Line stuff/Line Object Food Variant 1.prefab
  artifactKey: Guid(9b6f9052b8f425e478b57ce0967c7d4a) Importer(815301076,1909f56bfc062723c751e8b465ee728b)
Start importing Assets/Prefabs/Line stuff/Line Object Food Variant 1.prefab using Guid(9b6f9052b8f425e478b57ce0967c7d4a) Importer(815301076,1909f56bfc062723c751e8b465ee728b)  -> (artifact id: 'f64a422a1959bab1a5b0e1e372e49a83') in 0.008080 seconds
  Import took 0.013791 seconds .

========================================================================
Received Import Request.
  Time since last request: 6.089142 seconds.
  path: Assets/Prefabs/Line stuff/Line Object Energy Variant.prefab
  artifactKey: Guid(9b6f9052b8f425e478b57ce0967c7d4a) Importer(815301076,1909f56bfc062723c751e8b465ee728b)
Start importing Assets/Prefabs/Line stuff/Line Object Energy Variant.prefab using Guid(9b6f9052b8f425e478b57ce0967c7d4a) Importer(815301076,1909f56bfc062723c751e8b465ee728b)  -> (artifact id: 'd4f7ce432e153456aa5e975d7246ad8b') in 0.008176 seconds
  Import took 0.014851 seconds .

========================================================================
Received Import Request.
  Time since last request: 1.086844 seconds.
  path: Assets/Prefabs/Line stuff/Line Object Energy Variant 1.prefab
  artifactKey: Guid(5d7e70e4a2ddd4e44901e9f92b4a9da0) Importer(815301076,1909f56bfc062723c751e8b465ee728b)
Start importing Assets/Prefabs/Line stuff/Line Object Energy Variant 1.prefab using Guid(5d7e70e4a2ddd4e44901e9f92b4a9da0) Importer(815301076,1909f56bfc062723c751e8b465ee728b)  -> (artifact id: '6058e35b06070b65c7efba4c4c873164') in 0.008201 seconds
  Import took 0.014698 seconds .

========================================================================
Received Import Request.
  Time since last request: 5.343155 seconds.
  path: Assets/Prefabs/Line stuff/Line Object Pollution Variant.prefab
  artifactKey: Guid(5d7e70e4a2ddd4e44901e9f92b4a9da0) Importer(815301076,1909f56bfc062723c751e8b465ee728b)
Start importing Assets/Prefabs/Line stuff/Line Object Pollution Variant.prefab using Guid(5d7e70e4a2ddd4e44901e9f92b4a9da0) Importer(815301076,1909f56bfc062723c751e8b465ee728b)  -> (artifact id: '577efcb57998f356a90716d1958cf401') in 0.008189 seconds
  Import took 0.013970 seconds .

========================================================================
Received Import Request.
  Time since last request: 0.587928 seconds.
  path: Assets/Prefabs/Line stuff/Line Object Pollution Variant 1.prefab
  artifactKey: Guid(6faace00e11511249919772ba418ae92) Importer(815301076,1909f56bfc062723c751e8b465ee728b)
Start importing Assets/Prefabs/Line stuff/Line Object Pollution Variant 1.prefab using Guid(6faace00e11511249919772ba418ae92) Importer(815301076,1909f56bfc062723c751e8b465ee728b)  -> (artifact id: 'c03173b2c6412bb471ecf8eb7f1b00bf') in 0.009517 seconds
  Import took 0.015626 seconds .

========================================================================
Received Import Request.
  Time since last request: 6.258119 seconds.
  path: Assets/Prefabs/Line stuff/Line Object Waste Variant.prefab
  artifactKey: Guid(6faace00e11511249919772ba418ae92) Importer(815301076,1909f56bfc062723c751e8b465ee728b)
Start importing Assets/Prefabs/Line stuff/Line Object Waste Variant.prefab using Guid(6faace00e11511249919772ba418ae92) Importer(815301076,1909f56bfc062723c751e8b465ee728b)  -> (artifact id: '7fe55cfce3a8603280e0a66bc09685ec') in 0.008471 seconds
  Import took 0.014228 seconds .

========================================================================
Received Import Request.
  Time since last request: 6.842666 seconds.
  path: Assets/Prefabs/Line stuff/Line Object Money Variant.prefab
  artifactKey: Guid(d0f3c1577bd7adc458e45b9c4043768e) Importer(815301076,1909f56bfc062723c751e8b465ee728b)
Start importing Assets/Prefabs/Line stuff/Line Object Money Variant.prefab using Guid(d0f3c1577bd7adc458e45b9c4043768e) Importer(815301076,1909f56bfc062723c751e8b465ee728b)  -> (artifact id: '67afab02b4e932b2369a84022e95b0ea') in 0.012721 seconds
  Import took 0.018614 seconds .

========================================================================
Received Import Request.
  Time since last request: 0.022224 seconds.
  path: Assets/Prefabs/Line stuff/Line Object Money Variant.prefab
  artifactKey: Guid(d0f3c1577bd7adc458e45b9c4043768e) Importer(815301076,1909f56bfc062723c751e8b465ee728b)
Start importing Assets/Prefabs/Line stuff/Line Object Money Variant.prefab using Guid(d0f3c1577bd7adc458e45b9c4043768e) Importer(815301076,1909f56bfc062723c751e8b465ee728b)  -> (artifact id: '67afab02b4e932b2369a84022e95b0ea') in 0.007650 seconds
  Import took 0.013391 seconds .

========================================================================
Received Prepare
Registering precompiled user dll's ...
Registered in 0.007481 seconds.
Begin MonoManager ReloadAssembly
Native extension for WindowsStandalone target not found
Native extension for WebGL target not found
Refreshing native plugins compatible for Editor in 0.67 ms, found 0 plugins.
Preloading 0 native plugins for Editor in 0.00 ms.
Mono: successfully reloaded assembly
- Completed reload, in  1.106 seconds
Platform modules already initialized, skipping
Shader 'Universal Render Pipeline/Particles/Lit': fallback shader 'Universal Render Pipeline/Particles/SimpleLit' not found
Refreshing native plugins compatible for Editor in 0.80 ms, found 0 plugins.
Preloading 0 native plugins for Editor in 0.00 ms.
Unloading 2632 Unused Serialized files (Serialized files now loaded: 0)
System memory in use before: 173.7 MB.
System memory in use after: 173.9 MB.

Unloading 22 unused Assets to reduce memory usage. Loaded Objects now: 3336.
Total: 20.134700 ms (FindLiveObjects: 0.294100 ms CreateObjectMapping: 0.071800 ms MarkObjects: 19.660300 ms  DeleteObjects: 0.107500 ms)

========================================================================
Received Prepare
Registering precompiled user dll's ...
Registered in 0.007309 seconds.
Begin MonoManager ReloadAssembly
Native extension for WindowsStandalone target not found
Native extension for WebGL target not found
Refreshing native plugins compatible for Editor in 0.65 ms, found 0 plugins.
Preloading 0 native plugins for Editor in 0.00 ms.
Mono: successfully reloaded assembly
- Completed reload, in  1.078 seconds
Platform modules already initialized, skipping
Shader 'Universal Render Pipeline/Particles/Lit': fallback shader 'Universal Render Pipeline/Particles/SimpleLit' not found
Refreshing native plugins compatible for Editor in 0.66 ms, found 0 plugins.
Preloading 0 native plugins for Editor in 0.00 ms.
Unloading 2632 Unused Serialized files (Serialized files now loaded: 0)
System memory in use before: 173.7 MB.
System memory in use after: 173.9 MB.

Unloading 21 unused Assets to reduce memory usage. Loaded Objects now: 3338.
Total: 21.685100 ms (FindLiveObjects: 0.299700 ms CreateObjectMapping: 0.070800 ms MarkObjects: 21.159500 ms  DeleteObjects: 0.152100 ms)

========================================================================
Received Prepare
Registering precompiled user dll's ...
Registered in 0.008089 seconds.
Begin MonoManager ReloadAssembly
Native extension for WindowsStandalone target not found
Native extension for WebGL target not found
Refreshing native plugins compatible for Editor in 0.65 ms, found 0 plugins.
Preloading 0 native plugins for Editor in 0.00 ms.
Mono: successfully reloaded assembly
- Completed reload, in  1.078 seconds
Platform modules already initialized, skipping
Shader 'Universal Render Pipeline/Particles/Lit': fallback shader 'Universal Render Pipeline/Particles/SimpleLit' not found
Refreshing native plugins compatible for Editor in 0.66 ms, found 0 plugins.
Preloading 0 native plugins for Editor in 0.00 ms.
Unloading 2632 Unused Serialized files (Serialized files now loaded: 0)
System memory in use before: 173.8 MB.
System memory in use after: 173.9 MB.

Unloading 21 unused Assets to reduce memory usage. Loaded Objects now: 3340.
Total: 17.941800 ms (FindLiveObjects: 0.295400 ms CreateObjectMapping: 0.079500 ms MarkObjects: 17.463600 ms  DeleteObjects: 0.102000 ms)

========================================================================
Received Prepare
Registering precompiled user dll's ...
Registered in 0.007886 seconds.
Begin MonoManager ReloadAssembly
Native extension for WindowsStandalone target not found
Native extension for WebGL target not found
Refreshing native plugins compatible for Editor in 0.66 ms, found 0 plugins.
Preloading 0 native plugins for Editor in 0.00 ms.
Mono: successfully reloaded assembly
- Completed reload, in  1.073 seconds
Platform modules already initialized, skipping
Shader 'Universal Render Pipeline/Particles/Lit': fallback shader 'Universal Render Pipeline/Particles/SimpleLit' not found
Refreshing native plugins compatible for Editor in 1.08 ms, found 0 plugins.
Preloading 0 native plugins for Editor in 0.00 ms.
Unloading 2632 Unused Serialized files (Serialized files now loaded: 0)
System memory in use before: 173.8 MB.
System memory in use after: 174.0 MB.

Unloading 21 unused Assets to reduce memory usage. Loaded Objects now: 3342.
Total: 21.088900 ms (FindLiveObjects: 0.391000 ms CreateObjectMapping: 0.073400 ms MarkObjects: 20.525700 ms  DeleteObjects: 0.097100 ms)

========================================================================
Received Prepare
Registering precompiled user dll's ...
Registered in 0.009180 seconds.
Begin MonoManager ReloadAssembly
Native extension for WindowsStandalone target not found
Native extension for WebGL target not found
Refreshing native plugins compatible for Editor in 0.91 ms, found 0 plugins.
Preloading 0 native plugins for Editor in 0.00 ms.
Mono: successfully reloaded assembly
- Completed reload, in  1.439 seconds
Platform modules already initialized, skipping
Shader 'Universal Render Pipeline/Particles/Lit': fallback shader 'Universal Render Pipeline/Particles/SimpleLit' not found
Refreshing native plugins compatible for Editor in 0.87 ms, found 0 plugins.
Preloading 0 native plugins for Editor in 0.00 ms.
Unloading 2632 Unused Serialized files (Serialized files now loaded: 0)
System memory in use before: 173.8 MB.
System memory in use after: 174.0 MB.

Unloading 21 unused Assets to reduce memory usage. Loaded Objects now: 3344.
Total: 21.086400 ms (FindLiveObjects: 0.349100 ms CreateObjectMapping: 0.070700 ms MarkObjects: 20.558200 ms  DeleteObjects: 0.106400 ms)

========================================================================
Received Prepare
Registering precompiled user dll's ...
Registered in 0.010343 seconds.
Begin MonoManager ReloadAssembly
Native extension for WindowsStandalone target not found
Native extension for WebGL target not found
Refreshing native plugins compatible for Editor in 1.05 ms, found 0 plugins.
Preloading 0 native plugins for Editor in 0.00 ms.
Mono: successfully reloaded assembly
- Completed reload, in  1.268 seconds
Platform modules already initialized, skipping
Shader 'Universal Render Pipeline/Particles/Lit': fallback shader 'Universal Render Pipeline/Particles/SimpleLit' not found
Refreshing native plugins compatible for Editor in 0.71 ms, found 0 plugins.
Preloading 0 native plugins for Editor in 0.00 ms.
Unloading 2632 Unused Serialized files (Serialized files now loaded: 0)
System memory in use before: 173.8 MB.
System memory in use after: 174.0 MB.

Unloading 21 unused Assets to reduce memory usage. Loaded Objects now: 3346.
Total: 19.455700 ms (FindLiveObjects: 0.306600 ms CreateObjectMapping: 0.070200 ms MarkObjects: 18.953200 ms  DeleteObjects: 0.124200 ms)

========================================================================
Received Prepare
Registering precompiled user dll's ...
Registered in 0.007645 seconds.
Begin MonoManager ReloadAssembly
Native extension for WindowsStandalone target not found
Native extension for WebGL target not found
Refreshing native plugins compatible for Editor in 0.67 ms, found 0 plugins.
Preloading 0 native plugins for Editor in 0.00 ms.
Mono: successfully reloaded assembly
- Completed reload, in  1.117 seconds
Platform modules already initialized, skipping
Shader 'Universal Render Pipeline/Particles/Lit': fallback shader 'Universal Render Pipeline/Particles/SimpleLit' not found
Refreshing native plugins compatible for Editor in 0.85 ms, found 0 plugins.
Preloading 0 native plugins for Editor in 0.00 ms.
Unloading 2632 Unused Serialized files (Serialized files now loaded: 0)
System memory in use before: 173.8 MB.
System memory in use after: 174.0 MB.

Unloading 21 unused Assets to reduce memory usage. Loaded Objects now: 3348.
Total: 19.338000 ms (FindLiveObjects: 0.291000 ms CreateObjectMapping: 0.070100 ms MarkObjects: 18.879200 ms  DeleteObjects: 0.096200 ms)

========================================================================
Received Import Request.
  Time since last request: 17812.639923 seconds.
  path: Assets/PathCreator/Examples/Materials/Road Waste.mat
  artifactKey: Guid(e39e24cf7b149d34ca162c1e2abe05cc) Importer(815301076,1909f56bfc062723c751e8b465ee728b)
Start importing Assets/PathCreator/Examples/Materials/Road Waste.mat using Guid(e39e24cf7b149d34ca162c1e2abe05cc) Importer(815301076,1909f56bfc062723c751e8b465ee728b)  -> (artifact id: 'd5c0248468f480bfd4e868daa58a5b5f') in 0.177473 seconds
  Import took 0.185848 seconds .

========================================================================
Received Import Request.
  Time since last request: 3.105252 seconds.
  path: Assets/Prefabs/Line stuff/Line Object Energy Variant.prefab
  artifactKey: Guid(9b6f9052b8f425e478b57ce0967c7d4a) Importer(815301076,1909f56bfc062723c751e8b465ee728b)
Start importing Assets/Prefabs/Line stuff/Line Object Energy Variant.prefab using Guid(9b6f9052b8f425e478b57ce0967c7d4a) Importer(815301076,1909f56bfc062723c751e8b465ee728b)  -> (artifact id: 'c26ff16ff447a1ef520083f8a687a8c6') in 0.041313 seconds
  Import took 0.047687 seconds .

========================================================================
Received Import Request.
  Time since last request: 0.004590 seconds.
  path: Assets/Prefabs/Line stuff/Line Object Energy Variant.prefab
  artifactKey: Guid(9b6f9052b8f425e478b57ce0967c7d4a) Importer(815301076,1909f56bfc062723c751e8b465ee728b)
Start importing Assets/Prefabs/Line stuff/Line Object Energy Variant.prefab using Guid(9b6f9052b8f425e478b57ce0967c7d4a) Importer(815301076,1909f56bfc062723c751e8b465ee728b)  -> (artifact id: 'c26ff16ff447a1ef520083f8a687a8c6') in 0.010070 seconds
  Import took 0.015980 seconds .

========================================================================
Received Import Request.
  Time since last request: 3.408243 seconds.
  path: Assets/PathCreator/Examples/Materials/Blue.mat
  artifactKey: Guid(5c270a73328a99e439fec44a0cf3a17d) Importer(815301076,1909f56bfc062723c751e8b465ee728b)
Start importing Assets/PathCreator/Examples/Materials/Blue.mat using Guid(5c270a73328a99e439fec44a0cf3a17d) Importer(815301076,1909f56bfc062723c751e8b465ee728b)  -> (artifact id: '790271bee078d43a6e7576caa4da3063') in 0.020168 seconds
  Import took 0.050626 seconds .

========================================================================
Received Import Request.
  Time since last request: 0.000408 seconds.
  path: Assets/PathCreator/Examples/Materials/Brown.mat
  artifactKey: Guid(d5b3a558a1e7f4a4182b166bb2f27cf7) Importer(815301076,1909f56bfc062723c751e8b465ee728b)
Start importing Assets/PathCreator/Examples/Materials/Brown.mat using Guid(d5b3a558a1e7f4a4182b166bb2f27cf7) Importer(815301076,1909f56bfc062723c751e8b465ee728b)  -> (artifact id: '0fc5c9320c11de9730714710f2c85a0f') in 0.021536 seconds
  Import took 0.028417 seconds .

========================================================================
Received Import Request.
  Time since last request: 0.000481 seconds.
  path: Assets/PathCreator/Examples/Materials/Dark Grey.mat
  artifactKey: Guid(407e3de4fbbcf4a99b17bf5aac2d28d8) Importer(815301076,1909f56bfc062723c751e8b465ee728b)
Start importing Assets/PathCreator/Examples/Materials/Dark Grey.mat using Guid(407e3de4fbbcf4a99b17bf5aac2d28d8) Importer(815301076,1909f56bfc062723c751e8b465ee728b)  -> (artifact id: 'b761a7ee1055cf84383059e9c516bd8d') in 0.010580 seconds
  Import took 0.017855 seconds .

========================================================================
Received Import Request.
  Time since last request: 4.539430 seconds.
  path: Assets/Prefabs/Line stuff/Line Object Energy Variant.prefab
  artifactKey: Guid(9b6f9052b8f425e478b57ce0967c7d4a) Importer(815301076,1909f56bfc062723c751e8b465ee728b)
Start importing Assets/Prefabs/Line stuff/Line Object Energy Variant.prefab using Guid(9b6f9052b8f425e478b57ce0967c7d4a) Importer(815301076,1909f56bfc062723c751e8b465ee728b)  -> (artifact id: '3600a1b3746de7fc8f5d73bdd58a8c8a') in 0.008667 seconds
  Import took 0.015449 seconds .

========================================================================
Received Prepare
Registering precompiled user dll's ...
Registered in 0.007495 seconds.
Begin MonoManager ReloadAssembly
Native extension for WindowsStandalone target not found
Native extension for WebGL target not found
Refreshing native plugins compatible for Editor in 0.64 ms, found 0 plugins.
Preloading 0 native plugins for Editor in 0.00 ms.
Mono: successfully reloaded assembly
- Completed reload, in  1.069 seconds
Platform modules already initialized, skipping
Shader 'Universal Render Pipeline/Particles/Lit': fallback shader 'Universal Render Pipeline/Particles/SimpleLit' not found
Refreshing native plugins compatible for Editor in 0.74 ms, found 0 plugins.
Preloading 0 native plugins for Editor in 0.00 ms.
Unloading 2632 Unused Serialized files (Serialized files now loaded: 0)
System memory in use before: 174.2 MB.
System memory in use after: 174.4 MB.

Unloading 22 unused Assets to reduce memory usage. Loaded Objects now: 3419.
Total: 18.003100 ms (FindLiveObjects: 0.293400 ms CreateObjectMapping: 0.071500 ms MarkObjects: 17.529500 ms  DeleteObjects: 0.106900 ms)

========================================================================
Received Import Request.
  Time since last request: 309.380401 seconds.
  path: Assets/Prefabs/Line stuff/Line Object Food Variant.prefab
  artifactKey: Guid(177d323a639b83f4a8755042a5bf710d) Importer(815301076,1909f56bfc062723c751e8b465ee728b)
Start importing Assets/Prefabs/Line stuff/Line Object Food Variant.prefab using Guid(177d323a639b83f4a8755042a5bf710d) Importer(815301076,1909f56bfc062723c751e8b465ee728b)  -> (artifact id: 'a36b2332e27d12982034c01ce4ac5e99') in 0.120884 seconds
  Import took 0.128130 seconds .

========================================================================
Received Import Request.
  Time since last request: 0.013127 seconds.
  path: Assets/Prefabs/Line stuff/Line Object Food Variant.prefab
  artifactKey: Guid(177d323a639b83f4a8755042a5bf710d) Importer(815301076,1909f56bfc062723c751e8b465ee728b)
Start importing Assets/Prefabs/Line stuff/Line Object Food Variant.prefab using Guid(177d323a639b83f4a8755042a5bf710d) Importer(815301076,1909f56bfc062723c751e8b465ee728b)  -> (artifact id: 'a36b2332e27d12982034c01ce4ac5e99') in 0.008084 seconds
  Import took 0.013672 seconds .

========================================================================
Received Prepare
Registering precompiled user dll's ...
Registered in 0.007370 seconds.
Begin MonoManager ReloadAssembly
Native extension for WindowsStandalone target not found
Native extension for WebGL target not found
Refreshing native plugins compatible for Editor in 0.64 ms, found 0 plugins.
Preloading 0 native plugins for Editor in 0.00 ms.
Mono: successfully reloaded assembly
- Completed reload, in  1.064 seconds
Platform modules already initialized, skipping
Shader 'Universal Render Pipeline/Particles/Lit': fallback shader 'Universal Render Pipeline/Particles/SimpleLit' not found
Refreshing native plugins compatible for Editor in 0.65 ms, found 0 plugins.
Preloading 0 native plugins for Editor in 0.00 ms.
Unloading 2632 Unused Serialized files (Serialized files now loaded: 0)
System memory in use before: 174.3 MB.
System memory in use after: 174.5 MB.

Unloading 22 unused Assets to reduce memory usage. Loaded Objects now: 3457.
Total: 18.503800 ms (FindLiveObjects: 0.323500 ms CreateObjectMapping: 0.081300 ms MarkObjects: 17.987700 ms  DeleteObjects: 0.109300 ms)

========================================================================
Received Prepare
Registering precompiled user dll's ...
Registered in 0.007612 seconds.
Begin MonoManager ReloadAssembly
Native extension for WindowsStandalone target not found
Native extension for WebGL target not found
Refreshing native plugins compatible for Editor in 0.66 ms, found 0 plugins.
Preloading 0 native plugins for Editor in 0.00 ms.
Mono: successfully reloaded assembly
- Completed reload, in  1.117 seconds
Platform modules already initialized, skipping
Shader 'Universal Render Pipeline/Particles/Lit': fallback shader 'Universal Render Pipeline/Particles/SimpleLit' not found
Refreshing native plugins compatible for Editor in 0.65 ms, found 0 plugins.
Preloading 0 native plugins for Editor in 0.00 ms.
Unloading 2632 Unused Serialized files (Serialized files now loaded: 0)
System memory in use before: 174.3 MB.
System memory in use after: 174.5 MB.

Unloading 21 unused Assets to reduce memory usage. Loaded Objects now: 3459.
Total: 18.487500 ms (FindLiveObjects: 0.295100 ms CreateObjectMapping: 0.072900 ms MarkObjects: 18.018800 ms  DeleteObjects: 0.099200 ms)

========================================================================
Received Prepare
Registering precompiled user dll's ...
Registered in 0.007475 seconds.
Begin MonoManager ReloadAssembly
Native extension for WindowsStandalone target not found
Native extension for WebGL target not found
Refreshing native plugins compatible for Editor in 0.62 ms, found 0 plugins.
Preloading 0 native plugins for Editor in 0.00 ms.
Mono: successfully reloaded assembly
- Completed reload, in  1.111 seconds
Platform modules already initialized, skipping
Shader 'Universal Render Pipeline/Particles/Lit': fallback shader 'Universal Render Pipeline/Particles/SimpleLit' not found
Refreshing native plugins compatible for Editor in 0.66 ms, found 0 plugins.
Preloading 0 native plugins for Editor in 0.00 ms.
Unloading 2632 Unused Serialized files (Serialized files now loaded: 0)
System memory in use before: 174.3 MB.
System memory in use after: 174.5 MB.

Unloading 21 unused Assets to reduce memory usage. Loaded Objects now: 3461.
Total: 18.540400 ms (FindLiveObjects: 0.300700 ms CreateObjectMapping: 0.081100 ms MarkObjects: 18.059100 ms  DeleteObjects: 0.098400 ms)

========================================================================
Received Prepare
Registering precompiled user dll's ...
Registered in 0.007987 seconds.
Begin MonoManager ReloadAssembly
Native extension for WindowsStandalone target not found
Native extension for WebGL target not found
Refreshing native plugins compatible for Editor in 0.68 ms, found 0 plugins.
Preloading 0 native plugins for Editor in 0.00 ms.
Mono: successfully reloaded assembly
- Completed reload, in  1.131 seconds
Platform modules already initialized, skipping
Shader 'Universal Render Pipeline/Particles/Lit': fallback shader 'Universal Render Pipeline/Particles/SimpleLit' not found
Refreshing native plugins compatible for Editor in 0.76 ms, found 0 plugins.
Preloading 0 native plugins for Editor in 0.00 ms.
Unloading 2632 Unused Serialized files (Serialized files now loaded: 0)
System memory in use before: 174.3 MB.
System memory in use after: 174.5 MB.

Unloading 21 unused Assets to reduce memory usage. Loaded Objects now: 3463.
Total: 18.667200 ms (FindLiveObjects: 0.283700 ms CreateObjectMapping: 0.070000 ms MarkObjects: 18.216000 ms  DeleteObjects: 0.096000 ms)

========================================================================
Received Prepare
Registering precompiled user dll's ...
Registered in 0.008234 seconds.
Begin MonoManager ReloadAssembly
Native extension for WindowsStandalone target not found
Native extension for WebGL target not found
Refreshing native plugins compatible for Editor in 0.72 ms, found 0 plugins.
Preloading 0 native plugins for Editor in 0.00 ms.
Mono: successfully reloaded assembly
- Completed reload, in  1.092 seconds
Platform modules already initialized, skipping
Shader 'Universal Render Pipeline/Particles/Lit': fallback shader 'Universal Render Pipeline/Particles/SimpleLit' not found
Refreshing native plugins compatible for Editor in 0.63 ms, found 0 plugins.
Preloading 0 native plugins for Editor in 0.00 ms.
Unloading 2632 Unused Serialized files (Serialized files now loaded: 0)
System memory in use before: 174.3 MB.
System memory in use after: 174.5 MB.

Unloading 21 unused Assets to reduce memory usage. Loaded Objects now: 3465.
Total: 19.111300 ms (FindLiveObjects: 0.332400 ms CreateObjectMapping: 0.081600 ms MarkObjects: 18.594500 ms  DeleteObjects: 0.100800 ms)

========================================================================
Received Prepare
Registering precompiled user dll's ...
Registered in 0.007455 seconds.
Begin MonoManager ReloadAssembly
Native extension for WindowsStandalone target not found
Native extension for WebGL target not found
Refreshing native plugins compatible for Editor in 0.65 ms, found 0 plugins.
Preloading 0 native plugins for Editor in 0.00 ms.
Mono: successfully reloaded assembly
- Completed reload, in  1.070 seconds
Platform modules already initialized, skipping
Shader 'Universal Render Pipeline/Particles/Lit': fallback shader 'Universal Render Pipeline/Particles/SimpleLit' not found
Refreshing native plugins compatible for Editor in 0.70 ms, found 0 plugins.
Preloading 0 native plugins for Editor in 0.00 ms.
Unloading 2632 Unused Serialized files (Serialized files now loaded: 0)
System memory in use before: 174.3 MB.
System memory in use after: 174.5 MB.

Unloading 21 unused Assets to reduce memory usage. Loaded Objects now: 3467.
Total: 18.428600 ms (FindLiveObjects: 0.326200 ms CreateObjectMapping: 0.071300 ms MarkObjects: 17.927200 ms  DeleteObjects: 0.102700 ms)

========================================================================
Received Prepare
Registering precompiled user dll's ...
Registered in 0.007678 seconds.
Begin MonoManager ReloadAssembly
Native extension for WindowsStandalone target not found
Native extension for WebGL target not found
Refreshing native plugins compatible for Editor in 0.71 ms, found 0 plugins.
Preloading 0 native plugins for Editor in 0.00 ms.
Mono: successfully reloaded assembly
- Completed reload, in  1.110 seconds
Platform modules already initialized, skipping
Shader 'Universal Render Pipeline/Particles/Lit': fallback shader 'Universal Render Pipeline/Particles/SimpleLit' not found
Refreshing native plugins compatible for Editor in 0.67 ms, found 0 plugins.
Preloading 0 native plugins for Editor in 0.00 ms.
Unloading 2632 Unused Serialized files (Serialized files now loaded: 0)
System memory in use before: 174.4 MB.
System memory in use after: 174.5 MB.

Unloading 21 unused Assets to reduce memory usage. Loaded Objects now: 3469.
Total: 19.516400 ms (FindLiveObjects: 0.568100 ms CreateObjectMapping: 0.102500 ms MarkObjects: 18.740600 ms  DeleteObjects: 0.103400 ms)

========================================================================
Received Prepare
Registering precompiled user dll's ...
Registered in 0.007279 seconds.
Begin MonoManager ReloadAssembly
Native extension for WindowsStandalone target not found
Native extension for WebGL target not found
Refreshing native plugins compatible for Editor in 0.63 ms, found 0 plugins.
Preloading 0 native plugins for Editor in 0.00 ms.
Mono: successfully reloaded assembly
- Completed reload, in  1.069 seconds
Platform modules already initialized, skipping
Shader 'Universal Render Pipeline/Particles/Lit': fallback shader 'Universal Render Pipeline/Particles/SimpleLit' not found
Refreshing native plugins compatible for Editor in 0.68 ms, found 0 plugins.
Preloading 0 native plugins for Editor in 0.00 ms.
Unloading 2632 Unused Serialized files (Serialized files now loaded: 0)
System memory in use before: 174.4 MB.
System memory in use after: 174.6 MB.

Unloading 21 unused Assets to reduce memory usage. Loaded Objects now: 3471.
Total: 19.473100 ms (FindLiveObjects: 0.356500 ms CreateObjectMapping: 0.078700 ms MarkObjects: 18.939800 ms  DeleteObjects: 0.096900 ms)

========================================================================
Received Prepare
Registering precompiled user dll's ...
Registered in 0.007576 seconds.
Begin MonoManager ReloadAssembly
Native extension for WindowsStandalone target not found
Native extension for WebGL target not found
Refreshing native plugins compatible for Editor in 0.71 ms, found 0 plugins.
Preloading 0 native plugins for Editor in 0.00 ms.
Mono: successfully reloaded assembly
- Completed reload, in  1.093 seconds
Platform modules already initialized, skipping
Shader 'Universal Render Pipeline/Particles/Lit': fallback shader 'Universal Render Pipeline/Particles/SimpleLit' not found
Refreshing native plugins compatible for Editor in 0.70 ms, found 0 plugins.
Preloading 0 native plugins for Editor in 0.00 ms.
Unloading 2632 Unused Serialized files (Serialized files now loaded: 0)
System memory in use before: 174.4 MB.
System memory in use after: 174.6 MB.

Unloading 21 unused Assets to reduce memory usage. Loaded Objects now: 3473.
Total: 18.237900 ms (FindLiveObjects: 0.291600 ms CreateObjectMapping: 0.069600 ms MarkObjects: 17.778500 ms  DeleteObjects: 0.096300 ms)

========================================================================
Received Prepare
Registering precompiled user dll's ...
Registered in 0.007339 seconds.
Begin MonoManager ReloadAssembly
Native extension for WindowsStandalone target not found
Native extension for WebGL target not found
Refreshing native plugins compatible for Editor in 0.68 ms, found 0 plugins.
Preloading 0 native plugins for Editor in 0.00 ms.
Mono: successfully reloaded assembly
- Completed reload, in  1.079 seconds
Platform modules already initialized, skipping
Shader 'Universal Render Pipeline/Particles/Lit': fallback shader 'Universal Render Pipeline/Particles/SimpleLit' not found
Refreshing native plugins compatible for Editor in 0.96 ms, found 0 plugins.
Preloading 0 native plugins for Editor in 0.00 ms.
Unloading 2632 Unused Serialized files (Serialized files now loaded: 0)
System memory in use before: 174.4 MB.
System memory in use after: 174.6 MB.

Unloading 21 unused Assets to reduce memory usage. Loaded Objects now: 3475.
Total: 18.535500 ms (FindLiveObjects: 0.350200 ms CreateObjectMapping: 0.069600 ms MarkObjects: 18.020000 ms  DeleteObjects: 0.094200 ms)

========================================================================
Received Import Request.
  Time since last request: 1902.787227 seconds.
  path: Assets/PathCreator/Examples/Materials/Road Pollution.mat
  artifactKey: Guid(6b1bdf7945561dc419eacfde9a96f9d5) Importer(815301076,1909f56bfc062723c751e8b465ee728b)
Start importing Assets/PathCreator/Examples/Materials/Road Pollution.mat using Guid(6b1bdf7945561dc419eacfde9a96f9d5) Importer(815301076,1909f56bfc062723c751e8b465ee728b)  -> (artifact id: '0945a4d510391223829e9e672cd711a2') in 0.116511 seconds
  Import took 0.124149 seconds .

========================================================================
Received Import Request.
  Time since last request: 2.463651 seconds.
  path: Assets/Prefabs/Line stuff/Line Object Pollution Variant.prefab
  artifactKey: Guid(5d7e70e4a2ddd4e44901e9f92b4a9da0) Importer(815301076,1909f56bfc062723c751e8b465ee728b)
Start importing Assets/Prefabs/Line stuff/Line Object Pollution Variant.prefab using Guid(5d7e70e4a2ddd4e44901e9f92b4a9da0) Importer(815301076,1909f56bfc062723c751e8b465ee728b)  -> (artifact id: '4e89064d3fa8a82f7b7c0aa0bb873f9f') in 0.016549 seconds
  Import took 0.023208 seconds .

========================================================================
Received Prepare
Registering precompiled user dll's ...
Registered in 0.007307 seconds.
Begin MonoManager ReloadAssembly
Native extension for WindowsStandalone target not found
Native extension for WebGL target not found
Refreshing native plugins compatible for Editor in 0.74 ms, found 0 plugins.
Preloading 0 native plugins for Editor in 0.00 ms.
Mono: successfully reloaded assembly
- Completed reload, in  1.065 seconds
Platform modules already initialized, skipping
Shader 'Universal Render Pipeline/Particles/Lit': fallback shader 'Universal Render Pipeline/Particles/SimpleLit' not found
Refreshing native plugins compatible for Editor in 0.70 ms, found 0 plugins.
Preloading 0 native plugins for Editor in 0.00 ms.
Unloading 2632 Unused Serialized files (Serialized files now loaded: 0)
System memory in use before: 174.5 MB.
System memory in use after: 174.7 MB.

Unloading 22 unused Assets to reduce memory usage. Loaded Objects now: 3513.
Total: 18.166800 ms (FindLiveObjects: 0.326600 ms CreateObjectMapping: 0.082200 ms MarkObjects: 17.638300 ms  DeleteObjects: 0.117300 ms)

========================================================================
Received Prepare
Registering precompiled user dll's ...
Registered in 0.007367 seconds.
Begin MonoManager ReloadAssembly
Native extension for WindowsStandalone target not found
Native extension for WebGL target not found
Refreshing native plugins compatible for Editor in 0.65 ms, found 0 plugins.
Preloading 0 native plugins for Editor in 0.00 ms.
Mono: successfully reloaded assembly
- Completed reload, in  1.059 seconds
Platform modules already initialized, skipping
Shader 'Universal Render Pipeline/Particles/Lit': fallback shader 'Universal Render Pipeline/Particles/SimpleLit' not found
Refreshing native plugins compatible for Editor in 0.63 ms, found 0 plugins.
Preloading 0 native plugins for Editor in 0.00 ms.
Unloading 2632 Unused Serialized files (Serialized files now loaded: 0)
System memory in use before: 174.5 MB.
System memory in use after: 174.7 MB.

Unloading 21 unused Assets to reduce memory usage. Loaded Objects now: 3515.
Total: 18.674200 ms (FindLiveObjects: 0.371500 ms CreateObjectMapping: 0.078000 ms MarkObjects: 18.119100 ms  DeleteObjects: 0.103900 ms)

========================================================================
Received Prepare
Registering precompiled user dll's ...
Registered in 0.007411 seconds.
Begin MonoManager ReloadAssembly
Native extension for WindowsStandalone target not found
Native extension for WebGL target not found
Refreshing native plugins compatible for Editor in 0.66 ms, found 0 plugins.
Preloading 0 native plugins for Editor in 0.00 ms.
Mono: successfully reloaded assembly
- Completed reload, in  1.080 seconds
Platform modules already initialized, skipping
Shader 'Universal Render Pipeline/Particles/Lit': fallback shader 'Universal Render Pipeline/Particles/SimpleLit' not found
Refreshing native plugins compatible for Editor in 0.70 ms, found 0 plugins.
Preloading 0 native plugins for Editor in 0.00 ms.
Unloading 2632 Unused Serialized files (Serialized files now loaded: 0)
System memory in use before: 174.5 MB.
System memory in use after: 174.7 MB.

Unloading 21 unused Assets to reduce memory usage. Loaded Objects now: 3517.
Total: 18.854500 ms (FindLiveObjects: 0.308100 ms CreateObjectMapping: 0.071700 ms MarkObjects: 18.367800 ms  DeleteObjects: 0.105200 ms)

========================================================================
Received Prepare
Registering precompiled user dll's ...
Registered in 0.007159 seconds.
Begin MonoManager ReloadAssembly
Native extension for WindowsStandalone target not found
Native extension for WebGL target not found
Refreshing native plugins compatible for Editor in 0.64 ms, found 0 plugins.
Preloading 0 native plugins for Editor in 0.00 ms.
Mono: successfully reloaded assembly
- Completed reload, in  1.062 seconds
Platform modules already initialized, skipping
Shader 'Universal Render Pipeline/Particles/Lit': fallback shader 'Universal Render Pipeline/Particles/SimpleLit' not found
Refreshing native plugins compatible for Editor in 0.64 ms, found 0 plugins.
Preloading 0 native plugins for Editor in 0.00 ms.
Unloading 2632 Unused Serialized files (Serialized files now loaded: 0)
System memory in use before: 174.5 MB.
System memory in use after: 174.7 MB.

Unloading 21 unused Assets to reduce memory usage. Loaded Objects now: 3519.
Total: 19.329000 ms (FindLiveObjects: 0.301400 ms CreateObjectMapping: 0.086900 ms MarkObjects: 18.843000 ms  DeleteObjects: 0.096000 ms)

========================================================================
Received Prepare
Registering precompiled user dll's ...
Registered in 0.007164 seconds.
Begin MonoManager ReloadAssembly
Native extension for WindowsStandalone target not found
Native extension for WebGL target not found
Refreshing native plugins compatible for Editor in 0.64 ms, found 0 plugins.
Preloading 0 native plugins for Editor in 0.00 ms.
Mono: successfully reloaded assembly
- Completed reload, in  1.063 seconds
Platform modules already initialized, skipping
Shader 'Universal Render Pipeline/Particles/Lit': fallback shader 'Universal Render Pipeline/Particles/SimpleLit' not found
Refreshing native plugins compatible for Editor in 0.64 ms, found 0 plugins.
Preloading 0 native plugins for Editor in 0.00 ms.
Unloading 2632 Unused Serialized files (Serialized files now loaded: 0)
System memory in use before: 174.6 MB.
System memory in use after: 174.7 MB.

Unloading 21 unused Assets to reduce memory usage. Loaded Objects now: 3521.
Total: 17.988800 ms (FindLiveObjects: 0.285400 ms CreateObjectMapping: 0.075100 ms MarkObjects: 17.526000 ms  DeleteObjects: 0.100800 ms)

AssetImportWorkerClient::OnTransportError - code=2 error=End of file
